<?xml version="1.0" encoding="UTF-8"?>
<testsuite xmlns:xsi="http://www.w3.org/2001/XMLSchema-instance" xsi:noNamespaceSchemaLocation="https://maven.apache.org/surefire/maven-surefire-plugin/xsd/surefire-test-report-3.0.xsd" version="3.0" name="org.exemple.demo.AppTest" time="0.019" tests="1" errors="0" skipped="0" failures="0">
  <properties>
    <property name="java.specification.version" value="19"/>
    <property name="sun.cpu.isalist" value="amd64"/>
    <property name="sun.jnu.encoding" value="UTF-8"/>
    <property name="java.class.path" value="D:\Projets\mon-appli\target\test-classes;D:\Projets\mon-appli\target\classes;C:\Users\benocode\maven\repository\org\apache\struts\struts2-core\6.1.1\struts2-core-6.1.1.jar;C:\Users\benocode\maven\repository\org\freemarker\freemarker\2.3.31\freemarker-2.3.31.jar;C:\Users\benocode\maven\repository\ognl\ognl\3.3.4\ognl-3.3.4.jar;C:\Users\benocode\maven\repository\org\javassist\javassist\3.29.0-GA\javassist-3.29.0-GA.jar;C:\Users\benocode\maven\repository\org\apache\logging\log4j\log4j-api\2.19.0\log4j-api-2.19.0.jar;C:\Users\benocode\maven\repository\commons-fileupload\commons-fileupload\1.4\commons-fileupload-1.4.jar;C:\Users\benocode\maven\repository\commons-io\commons-io\2.9.0\commons-io-2.9.0.jar;C:\Users\benocode\maven\repository\org\apache\commons\commons-lang3\3.10\commons-lang3-3.10.jar;C:\Users\benocode\maven\repository\org\apache\commons\commons-text\1.10.0\commons-text-1.10.0.jar;C:\Users\benocode\maven\repository\org\apache\struts\struts2-json-plugin\6.1.1\struts2-json-plugin-6.1.1.jar;C:\Users\benocode\maven\repository\junit\junit\3.8.1\junit-3.8.1.jar;"/>
    <property name="java.vm.vendor" value="Oracle Corporation"/>
    <property name="sun.arch.data.model" value="64"/>
    <property name="user.variant" value=""/>
    <property name="java.vendor.url" value="https://java.oracle.com/"/>
    <property name="user.timezone" value="Europe/Paris"/>
    <property name="os.name" value="Windows 11"/>
    <property name="java.vm.specification.version" value="19"/>
    <property name="sun.java.launcher" value="SUN_STANDARD"/>
    <property name="user.country" value="FR"/>
    <property name="sun.boot.library.path" value="C:\Program Files\Java\jdk-19\bin"/>
    <property name="sun.java.command" value="C:\Users\benocode\AppData\Local\Temp\surefire1434078710610540572\surefirebooter-20230214120309033_3.jar C:\Users\benocode\AppData\Local\Temp\surefire1434078710610540572 2023-02-14T12-03-08_691-jvmRun1 surefire-20230214120309033_1tmp surefire_0-20230214120309033_2tmp"/>
    <property name="jdk.debug" value="release"/>
    <property name="surefire.test.class.path" value="D:\Projets\mon-appli\target\test-classes;D:\Projets\mon-appli\target\classes;C:\Users\benocode\maven\repository\org\apache\struts\struts2-core\6.1.1\struts2-core-6.1.1.jar;C:\Users\benocode\maven\repository\org\freemarker\freemarker\2.3.31\freemarker-2.3.31.jar;C:\Users\benocode\maven\repository\ognl\ognl\3.3.4\ognl-3.3.4.jar;C:\Users\benocode\maven\repository\org\javassist\javassist\3.29.0-GA\javassist-3.29.0-GA.jar;C:\Users\benocode\maven\repository\org\apache\logging\log4j\log4j-api\2.19.0\log4j-api-2.19.0.jar;C:\Users\benocode\maven\repository\commons-fileupload\commons-fileupload\1.4\commons-fileupload-1.4.jar;C:\Users\benocode\maven\repository\commons-io\commons-io\2.9.0\commons-io-2.9.0.jar;C:\Users\benocode\maven\repository\org\apache\commons\commons-lang3\3.10\commons-lang3-3.10.jar;C:\Users\benocode\maven\repository\org\apache\commons\commons-text\1.10.0\commons-text-1.10.0.jar;C:\Users\benocode\maven\repository\org\apache\struts\struts2-json-plugin\6.1.1\struts2-json-plugin-6.1.1.jar;C:\Users\benocode\maven\repository\junit\junit\3.8.1\junit-3.8.1.jar;"/>
    <property name="sun.cpu.endian" value="little"/>
    <property name="user.home" value="C:\Users\benocode"/>
    <property name="user.language" value="fr"/>
    <property name="java.specification.vendor" value="Oracle Corporation"/>
    <property name="java.version.date" value="2022-10-18"/>
    <property name="java.home" value="C:\Program Files\Java\jdk-19"/>
    <property name="file.separator" value="\"/>
    <property name="basedir" value="D:\Projets\mon-appli"/>
    <property name="java.vm.compressedOopsMode" value="Zero based"/>
    <property name="line.separator" value="&#10;"/>
    <property name="java.vm.specification.vendor" value="Oracle Corporation"/>
    <property name="java.specification.name" value="Java Platform API Specification"/>
    <property name="surefire.real.class.path" value="C:\Users\benocode\AppData\Local\Temp\surefire1434078710610540572\surefirebooter-20230214120309033_3.jar"/>
    <property name="user.script" value=""/>
    <property name="sun.management.compiler" value="HotSpot 64-Bit Tiered Compilers"/>
    <property name="java.runtime.version" value="19.0.1+10-21"/>
    <property name="user.name" value="benocode"/>
    <property name="stdout.encoding" value="UTF-8"/>
    <property name="path.separator" value=";"/>
    <property name="os.version" value="10.0"/>
    <property name="java.runtime.name" value="Java(TM) SE Runtime Environment"/>
    <property name="file.encoding" value="UTF-8"/>
    <property name="java.vm.name" value="Java HotSpot(TM) 64-Bit Server VM"/>
    <property name="localRepository" value="C:\Users\benocode\maven\repository"/>
    <property name="java.vendor.url.bug" value="https://bugreport.java.com/bugreport/"/>
    <property name="java.io.tmpdir" value="C:\Users\benocode\AppData\Local\Temp\"/>
    <property name="java.version" value="19.0.1"/>
    <property name="user.dir" value="D:\Projets\mon-appli"/>
    <property name="os.arch" value="amd64"/>
    <property name="java.vm.specification.name" value="Java Virtual Machine Specification"/>
    <property name="sun.os.patch.level" value=""/>
    <property name="native.encoding" value="UTF-8"/>
    <property name="java.library.path" value="C:\Program Files\Java\jdk-19\bin;C:\Windows\Sun\Java\bin;C:\Windows\system32;C:\Windows;C:\Python311\Scripts\;C:\Python311\;C:\Program Files\Common Files\Oracle\Java\javapath;C:\Windows\system32;C:\Windows;C:\Windows\System32\Wbem;C:\Windows\System32\WindowsPowerShell\v1.0\;C:\Windows\System32\OpenSSH\;C:\Program Files\Git\cmd;C:\Windows\System32;C:\Program Files\nodejs\;C:\ProgramData\chocolatey\bin;;C:\Program Files\Docker\Docker\resources\bin;C:\Program Files (x86)\Microsoft SQL Server\160\DTS\Binn\;C:\Program Files\Azure Data Studio\bin;C:\Program Files\MySQL\MySQL Shell 8.0\bin\;C:\Users\benocode\AppData\Local\Microsoft\WindowsApps;C:\Program Files\Java\jdk-19\bin;C:\Program Files\MySQL\MySQL Server 8.0\bin;C:\Users\benocode\AppData\Local\Programs\Microsoft VS Code\bin;C:\Users\benocode\AppData\Roaming\npm;C:\Users\benocode\maven\apache-maven-3.9.0\bin;."/>
    <property name="java.vm.info" value="mixed mode, sharing"/>
    <property name="stderr.encoding" value="UTF-8"/>
    <property name="java.vendor" value="Oracle Corporation"/>
    <property name="java.vm.version" value="19.0.1+10-21"/>
    <property name="sun.io.unicode.encoding" value="UnicodeLittle"/>
    <property name="java.class.version" value="63.0"/>
  </properties>
  <testcase name="testApp" classname="org.exemple.demo.AppTest" time="0.003"/>
</testsuite>